<?xml version="1.0" encoding="UTF-8"?>
<!-- Generated by org.testng.reporters.JUnitXMLReporter -->
<testsuite ignored="0" hostname="Shivam" failures="1" tests="3" name="Test" time="16.21" errors="0" timestamp="2025-04-13T10:01:09 IST">
  <testcase classname="io.cucumber.testng.AbstractTestNGCucumberTests" name="runScenario" time="2.865">
    <failure type="java.lang.NullPointerException" message="Cannot invoke &amp;quot;java.sql.Connection.createStatement()&amp;quot; because &amp;quot;stepDefs.dashbordvalues.connection&amp;quot; is null">
      <![CDATA[java.lang.NullPointerException: Cannot invoke "java.sql.Connection.createStatement()" because "stepDefs.dashbordvalues.connection" is null
at stepDefs.dashbordvalues.getData(dashbordvalues.java:20)
at stepDefs.dashbordvalues.i_want_to_write_a_step_with_precondition(dashbordvalues.java:34)
at ✽.I want to write a step with precondition(file:///C:/Shivam%20Work/Selenium%20CI/AutomationTestingDemo1/Featerfiles/EnterData.feature:8)
]]>
    </failure>
  </testcase> <!-- runScenario -->
  <testcase classname="io.cucumber.testng.AbstractTestNGCucumberTests" name="runScenario" time="2.724"/>
  <testcase classname="io.cucumber.testng.AbstractTestNGCucumberTests" name="runScenario" time="3.101"/>
</testsuite> <!-- Test -->
