<?xml version="1.0" encoding="UTF-8"?>
<!-- Generated by org.testng.reporters.JUnitReportReporter -->
<testsuite hostname="Shivam" failures="0" tests="3" name="Runner.RunnerClass" time="15.868" errors="1" timestamp="2025-04-13T10:01:09 IST" skipped="0">
  <testcase classname="Runner.RunnerClass" name="runScenario" time="3.827"/>
  <testcase classname="Runner.RunnerClass" name="runScenario" time="3.628">
    <error message="Cannot invoke &quot;java.sql.Connection.createStatement()&quot; because &quot;stepDefs.dashbordvalues.connection&quot; is null" type="java.lang.NullPointerException">
      <![CDATA[java.lang.NullPointerException: Cannot invoke "java.sql.Connection.createStatement()" because "stepDefs.dashbordvalues.connection" is null
at stepDefs.dashbordvalues.getData(dashbordvalues.java:20)
at stepDefs.dashbordvalues.i_want_to_write_a_step_with_precondition(dashbordvalues.java:34)
at ✽.I want to write a step with precondition(file:///C:/Shivam%20Work/Selenium%20CI/AutomationTestingDemo1/Featerfiles/EnterData.feature:8)
]]>
    </error>
  </testcase> <!-- runScenario -->
  <testcase classname="Runner.RunnerClass" name="runScenario" time="8.413"/>
</testsuite> <!-- Runner.RunnerClass -->
